<?xml version="1.0" encoding="UTF-8"?>
<testng-results ignored="0" total="1" passed="1" failed="0" skipped="0">
  <reporter-output>
  </reporter-output>
  <suite started-at="2023-02-18T00:48:23 IST" name="Default suite" finished-at="2023-02-18T00:48:25 IST" duration-ms="1523">
    <groups>
    </groups>
    <test started-at="2023-02-18T00:48:23 IST" name="Default test" finished-at="2023-02-18T00:48:25 IST" duration-ms="1523">
      <class name="com.qa.test.PostAPITest">
        <test-method is-config="true" signature="setUp()[pri:0, instance:com.qa.test.PostAPITest@1e683a3e]" started-at="2023-02-18T00:48:23 IST" name="setUp" finished-at="2023-02-18T00:48:23 IST" duration-ms="15" status="PASS">
          <reporter-output>
          </reporter-output>
        </test-method> <!-- setUp -->
        <test-method signature="postAPITest()[pri:0, instance:com.qa.test.PostAPITest@1e683a3e]" started-at="2023-02-18T00:48:23 IST" name="postAPITest" finished-at="2023-02-18T00:48:25 IST" duration-ms="1452" status="PASS">
          <reporter-output>
          </reporter-output>
        </test-method> <!-- postAPITest -->
      </class> <!-- com.qa.test.PostAPITest -->
    </test> <!-- Default test -->
  </suite> <!-- Default suite -->
</testng-results>
